<?xml version="1.0" encoding="UTF-8"?>
<testng-results ignored="0" total="2" passed="2" failed="0" skipped="0">
  <reporter-output>
  </reporter-output>
  <suite started-at="2022-05-29T13:04:06 IST" name="Default suite" finished-at="2022-05-29T13:04:16 IST" duration-ms="10033">
    <groups>
    </groups>
    <test started-at="2022-05-29T13:04:06 IST" name="Default test" finished-at="2022-05-29T13:04:16 IST" duration-ms="10033">
      <class name="login.ram">
        <test-method is-config="true" signature="facebook()[pri:0, instance:login.ram@6fd83fc1]" started-at="2022-05-29T13:04:06 IST" name="facebook" finished-at="2022-05-29T13:04:10 IST" duration-ms="4590" status="PASS">
          <reporter-output>
          </reporter-output>
        </test-method> <!-- facebook -->
        <test-method signature="launch()[pri:0, instance:login.ram@6fd83fc1]" started-at="2022-05-29T13:04:10 IST" name="launch" finished-at="2022-05-29T13:04:15 IST" duration-ms="4409" status="PASS">
          <reporter-output>
          </reporter-output>
        </test-method> <!-- launch -->
        <test-method signature="login()[pri:0, instance:login.ram@6fd83fc1]" started-at="2022-05-29T13:04:15 IST" name="login" finished-at="2022-05-29T13:04:15 IST" duration-ms="307" status="PASS">
          <reporter-output>
          </reporter-output>
        </test-method> <!-- login -->
        <test-method is-config="true" signature="close()[pri:0, instance:login.ram@6fd83fc1]" started-at="2022-05-29T13:04:15 IST" name="close" finished-at="2022-05-29T13:04:16 IST" duration-ms="661" status="PASS">
          <reporter-output>
          </reporter-output>
        </test-method> <!-- close -->
      </class> <!-- login.ram -->
    </test> <!-- Default test -->
  </suite> <!-- Default suite -->
</testng-results>
